1619355650293	geckodriver	INFO	Listening on 127.0.0.1:64218
1619355653318	mozrunner::runner	INFO	Running command: "C:\\Program Files\\Mozilla Firefox\\firefox.exe" "--marionette" "-foreground" "-no-remote" "-profile" "C:\\Users\\CHRIS4~1\\AppData\\Local\\Temp\\4\\rust_mozprofileWaDndF"
1619355654819	Marionette	INFO	Marionette enabled
console.warn: SearchSettings: "get: No settings file exists, new profile?" (new Error("", "(unknown module)"))
1619355656425	Marionette	INFO	Listening on port 64226
1619355656711	Marionette	WARN	TLS certificate errors will be ignored for this session
1619356510924	Marionette	INFO	Stopped listening on port 64226

###!!! [Child][RunMessage] Error: Channel closing: too late to send/recv, messages will be lost

"--marionette" "-foreground" "-no-remote" "-profile" "C:\\Users\\CHRIS4~1\\AppData\\Local\\Temp\\4\\rust_mozprofilevzmPvv"
1619355710924	Marionette	INFO	Marionette enabled
console.warn: SearchSettings: "get: No settings file exists, new profile?" (new Error("", "(unknown module)"))
1619355712124	Marionette	INFO	Listening on port 64296
1619355712524	Marionette	WARN	TLS certificate errors will be ignored for this session
1619356511623	Marionette	INFO	Stopped listening on port 64296

###!!! [Child][RunMessage] Error: Channel closing: too late to send/recv, messages will be lost

"--marionette" "-foreground" "-no-remote" "-profile" "C:\\Users\\CHRIS4~1\\AppData\\Local\\Temp\\4\\rust_mozprofileoK2qim"
1619355814406	Marionette	INFO	Marionette enabled
console.warn: SearchSettings: "get: No settings file exists, new profile?" (new Error("", "(unknown module)"))
1619355815596	Marionette	INFO	Listening on port 64367
1619355816042	Marionette	WARN	TLS certificate errors will be ignored for this session
1619356512316	Marionette	INFO	Stopped listening on port 64367

###!!! [Child][RunMessage] Error: Channel closing: too late to send/recv, messages will be lost

"--marionette" "-foreground" "-no-remote" "-profile" "C:\\Users\\CHRIS4~1\\AppData\\Local\\Temp\\4\\rust_mozprofilettmUs5"
1619356228169	Marionette	INFO	Marionette enabled
console.warn: SearchSettings: "get: No settings file exists, new profile?" (new Error("", "(unknown module)"))
1619356229557	Marionette	INFO	Listening on port 64524
1619356229724	Marionette	WARN	TLS certificate errors will be ignored for this session
1619356512933	Marionette	INFO	Stopped listening on port 64524

###!!! [Child][RunMessage] Error: Channel closing: too late to send/recv, messages will be lost

"--marionette" "-foreground" "-no-remote" "-profile" "C:\\Users\\CHRIS4~1\\AppData\\Local\\Temp\\4\\rust_mozprofilePMtAht"
1619356253873	Marionette	INFO	Marionette enabled
console.warn: SearchSettings: "get: No settings file exists, new profile?" (new Error("", "(unknown module)"))
1619356255102	Marionette	INFO	Listening on port 64591
1619356255536	Marionette	WARN	TLS certificate errors will be ignored for this session
1619356513493	Marionette	INFO	Stopped listening on port 64591

###!!! [Child][RunMessage] Error: Channel closing: too late to send/recv, messages will be lost

"--marionette" "-foreground" "-no-remote" "-profile" "C:\\Users\\CHRIS4~1\\AppData\\Local\\Temp\\4\\rust_mozprofileKRlSc5"
1619356301236	Marionette	INFO	Marionette enabled
console.warn: SearchSettings: "get: No settings file exists, new profile?" (new Error("", "(unknown module)"))
1619356302624	Marionette	INFO	Listening on port 64658
1619356302892	Marionette	WARN	TLS certificate errors will be ignored for this session
1619356513916	Marionette	INFO	Stopped listening on port 64658

###!!! [Child][RunMessage] Error: Channel closing: too late to send/recv, messages will be lost

"--marionette" "-foreground" "-no-remote" "-profile" "C:\\Users\\CHRIS4~1\\AppData\\Local\\Temp\\4\\rust_mozprofilegKuuZB"
1619356364489	Marionette	INFO	Marionette enabled
console.warn: SearchSettings: "get: No settings file exists, new profile?" (new Error("", "(unknown module)"))
1619356365866	Marionette	INFO	Listening on port 64730
1619356366066	Marionette	WARN	TLS certificate errors will be ignored for this session
1619356516415	Marionette	INFO	Stopped listening on port 64730

###!!! [Child][RunMessage] Error: Channel closing: too late to send/recv, messages will be lost

"--marionette" "-foreground" "-no-remote" "-profile" "C:\\Users\\CHRIS4~1\\AppData\\Local\\Temp\\4\\rust_mozprofile22nh7Z"
1619356390023	Marionette	INFO	Marionette enabled
console.warn: SearchSettings: "get: No settings file exists, new profile?" (new Error("", "(unknown module)"))
1619356391421	Marionette	INFO	Listening on port 64792
1619356391662	Marionette	WARN	TLS certificate errors will be ignored for this session
1619356519186	Marionette	INFO	Stopped listening on port 64792

###!!! [Child][RunMessage] Error: Channel closing: too late to send/recv, messages will be lost

"--marionette" "-foreground" "-no-remote" "-profile" "C:\\Users\\CHRIS4~1\\AppData\\Local\\Temp\\4\\rust_mozprofileIGfige"
1619356472567	Marionette	INFO	Marionette enabled
console.warn: SearchSettings: "get: No settings file exists, new profile?" (new Error("", "(unknown module)"))
1619356473922	Marionette	INFO	Listening on port 64867
1619356474134	Marionette	WARN	TLS certificate errors will be ignored for this session
1619356522834	Marionette	INFO	Stopped listening on port 64867

###!!! [Child][RunMessage] Error: Channel closing: too late to send/recv, messages will be lost

1619356589159	geckodriver	INFO	Listening on 127.0.0.1:64929
1619356592169	mozrunner::runner	INFO	Running command: "C:\\Program Files\\Mozilla Firefox\\firefox.exe" "--marionette" "-foreground" "-no-remote" "-profile" "C:\\Users\\CHRIS4~1\\AppData\\Local\\Temp\\4\\rust_mozprofileBdUPxL"
1619356592684	Marionette	INFO	Marionette enabled
console.warn: SearchSettings: "get: No settings file exists, new profile?" (new Error("", "(unknown module)"))
1619356594020	Marionette	INFO	Listening on port 64937
1619356594353	Marionette	WARN	TLS certificate errors will be ignored for this session
1619358037881	Marionette	INFO	Stopped listening on port 64937

###!!! [Child][RunMessage] Error: Channel closing: too late to send/recv, messages will be lost

[Parent 9092, IPC I/O Parent] WARNING: pipe error: 232: file /builds/worker/checkouts/gecko/ipc/chromium/src/chrome/common/ipc_channel_win.cc:544
	INFO	Marionette enabled
console.warn: SearchSettings: "get: No settings file exists, new profile?" (new Error("", "(unknown module)"))
1619357010481	Marionette	INFO	Listening on port 65069
1619357010645	Marionette	WARN	TLS certificate errors will be ignored for this session
1619358037886	Marionette	INFO	Stopped listening on port 65069
9357367638	mozrunner::runner	INFO	Running command: "C:\\Program Files\\Mozilla Firefox\\firefox.exe" "--marionette" "-foreground" "-no-remote" "-profile" "C:\\Users\\CHRIS4~1\\AppData\\Local\\Temp\\4\\rust_mozprofileKYGdrQ"
1619357368175	Marionette	INFO	Marionette enabled
console.warn: SearchSettings: "get: No settings file exists, new profile?" (new Error("", "(unknown module)"))
1619357369586	Marionette	INFO	Listening on port 65241
1619357369838	Marionette	WARN	TLS certificate errors will be ignored for this session
1619357373509	Marionette	WARN	Ignoring event 'DOMContentLoaded' because document has an invalid readyState of 'complete'.
IPDL protocol error: Handler returned error code!

###!!! [Parent][DispatchAsyncMessage] Error: PLayerTransaction::Msg_ReleaseLayer Processing error: message was deserialized, but the handler returned false (indicating failure)

IPDL protocol error: Handler returned error code!

###!!! [Parent][DispatchAsyncMessage] Error: PLayerTransaction::Msg_ReleaseLayer Processing error: message was deserialized, but the handler returned false (indicating failure)

IPDL protocol error: Handler returned error code!

###!!! [Parent][DispatchAsyncMessage] Error: PLayerTransaction::Msg_ReleaseLayer Processing error: message was deserialized, but the handler returned false (indicating failure)

IPDL protocol error: Handler returned error code!

###!!! [Parent][DispatchAsyncMessage] Error: PLayerTransaction::Msg_ReleaseLayer Processing error: message was deserialized, but the handler returned false (indicating failure)

IPDL protocol error: Handler returned error code!

###!!! [Parent][DispatchAsyncMessage] Error: PLayerTransaction::Msg_ReleaseLayer Processing error: message was deserialized, but the handler returned false (indicating failure)

IPDL protocol error: Handler returned error code!

###!!! [Parent][DispatchAsyncMessage] Error: PLayerTransaction::Msg_ReleaseLayer Processing error: message was deserialized, but the handler returned false (indicating failure)

1619358037831	Marionette	INFO	Stopped listening on port 65241
pped listening on port 49331
syncMessage] Error: PLayerTransaction::Msg_ReleaseLayer Processing error: message was deserialized, but the handler returned false (indicating failure)

IPDL protocol error: Handler returned error code!

###!!! [Parent][DispatchAsyncMessage] Error: PLayerTransaction::Msg_ReleaseLayer Processing error: message was deserialized, but the handler returned false (indicating failure)

IPDL protocol error: Handler returned error code!

###!!! [Parent][DispatchAsyncMessage] Error: PLayerTransaction::Msg_ReleaseLayer Processing error: message was deserialized, but the handler returned false (indicating failure)


###!!! [Child][RunMessage] E[Parent 14480, IPC I/O Parent] WARNING: file /builds/worker/checkouts/g1619358037863	Marionette	INFO	Stopped listening on port 49171

###!!! [Child][RunMessage] Error: Channel closing: too late to send/recv, messages will be lost

~1\\AppData\\Local\\Temp\\4\\rust_mozprofilevA3oiP"
1619358003135	Marionette	INFO	Marionette enabled
console.warn: SearchSettings: "get: No settings file exists, new profile?" (new Error("", "(unknown module)"))
1619358004316	Marionette	INFO	Listening on port 49573
1619358004895	Marionette	WARN	TLS certificate errors will be ignored for this session
1619358007933	Marionette	WARN	Ignoring event 'DOMContentLoaded' because document has an invalid readyState of 'complete'.
1619358037934	Marionette	INFO	Stopped listening on port 49573

###!!! [Child][RunMessage] Error: Channel closing: too late to send/recv, messages will be lost

1619358041863	geckodriver	INFO	Listening on 127.0.0.1:49659
1619358044881	mozrunner::runner	INFO	Running command: "C:\\Program Files\\Mozilla Firefox\\firefox.exe" "--marionette" "-foreground" "-no-remote" "-profile" "C:\\Users\\CHRIS4~1\\AppData\\Local\\Temp\\4\\rust_mozprofileZDrlf6"
1619358045406	Marionette	INFO	Marionette enabled
console.warn: SearchSettings: "get: No settings file exists, new profile?" (new Error("", "(unknown module)"))
1619358046664	Marionette	INFO	Listening on port 49669
1619358047115	Marionette	WARN	TLS certificate errors will be ignored for this session
1619358050507	Marionette	WARN	Ignoring event 'DOMContentLoaded' because document has an invalid readyState of 'complete'.
1619358197804	Marionette	INFO	Stopped listening on port 49669

###!!! [Child][RunMessage] Error: Channel closing: too late to send/recv, messages will be lost

1619358205672	geckodriver	INFO	Listening on 127.0.0.1:49759
1619358208654	mozrunner::runner	INFO	Running command: "C:\\Program Files\\Mozilla Firefox\\firefox.exe" "--marionette" "-foreground" "-no-remote" "-profile" "C:\\Users\\CHRIS4~1\\AppData\\Local\\Temp\\4\\rust_mozprofileFFZ4KH"
1619358209175	Marionette	INFO	Marionette enabled
console.warn: SearchSettings: "get: No settings file exists, new profile?" (new Error("", "(unknown module)"))
1619358210441	Marionette	INFO	Listening on port 49768
1619358210809	Marionette	WARN	TLS certificate errors will be ignored for this session
1619358212827	Marionette	WARN	Ignoring event 'DOMContentLoaded' because document has an invalid readyState of 'complete'.
IPDL protocol error: Handler returned error code!

###!!! [Parent][DispatchAsyncMessage] Error: PLayerTransaction::Msg_ReleaseLayer Processing error: message was deserialized, but the handler returned false (indicating failure)

IPDL protocol error: Handler returned error code!

###!!! [Parent][DispatchAsyncMessage] Error: PLayerTransaction::Msg_ReleaseLayer Processing error: message was deserialized, but the handler returned false (indicating failure)

IPDL protocol error: Handler returned error code!

###!!! [Parent][DispatchAsyncMessage] Error: PLayerTransaction::Msg_ReleaseLayer Processing error: message was deserialized, but the handler returned false (indicating failure)

IPDL protocol error: Handler returned error code!

###!!! [Parent][DispatchAsyncMessage] Error: PLayerTransaction::Msg_ReleaseL1619358541108	Marionette	INFO	Stopped listening on port 49871

###!!! [Child][RunMessage] Error: Channel closing: too late to send/recv, messages will be lost

[Parent][DispatchAsyncMessage] Error: PLayerTransaction::Msg_ReleaseLayer Processing error: message was deserialized, but the handler returned false (indicating failure)

IPDL protocol error: Handler returned error code!

###!!! [Parent][DispatchAsyncMessage] Error: PLayerTransaction::Msg_ReleaseLayer Processing error: message was deserialized, but the handler returned false (indicating failure)

1619358541144	Marionette	INFO	Stopped listening on port 49768

###!!! [Child][RunMessage] E
###!!! [Child][RunMessage] Error: Channel closing: too late to send/recv, messages will be lost

1619358598522	geckodriver	INFO	Listening on 127.0.0.1:50121
1619358601522	mozrunner::runner	INFO	Running command: "C:\\Program Files\\Mozilla Firefox\\firefox.exe" "--marionette" "-foreground" "-no-remote" "-profile" "C:\\Users\\CHRIS4~1\\AppData\\Local\\Temp\\4\\rust_mozprofilefmYWyT"
1619358602055	Marionette	INFO	Marionette enabled
console.warn: SearchSettings: "get: No settings file exists, new profile?" (new Error("", "(unknown module)"))
1619358603422	Marionette	INFO	Listening on port 50129
1619358603732	Marionette	WARN	TLS certificate errors will be ignored for this session
1619358606968	Marionette	WARN	Ignoring event 'DOMContentLoaded' because document has an invalid readyState of 'complete'.
1619358615310	Marionette	WARN	Ignoring event 'DOMContentLoaded' because document has an invalid readyState of 'complete'.
IPDL protocol error: Handler returned error code!

###!!! [Parent][DispatchAsyncMessage] Error: PLayerTransaction::Msg_ReleaseLayer Processing error: message was deserialized, but the handler returned false (indicating failure)

IPDL protocol error: Handler returned error code!

###!!! [Parent][DispatchAsyncMessage] Error: PLayerTransaction::Msg_ReleaseLayer Processing error: message was deserialized, but the handler returned false (indicating failure)

IPDL protocol error: Handler returned error code!

###!!! [Parent][DispatchAsyncMessage] Error: PLayerTransaction::Msg_Rele1619362811584	Marionette	INFO	Stopped listening on port 50718
ndler returned false (indicating failure)

IPDL protocol error: Handler returned error code!

###!!! [Parent][DispatchAsyncMessage] Error: PLayerTransaction::Msg_ReleaseLayer Processing error: message was deserialized, but the handler returned false (indicating failure)

IPDL protocol error: Handler returned error code!

###!!! [Parent][DispatchAsyncMessage] Error: PLayerTransaction::Msg_ReleaseLayer Processing error: message was deserialized, but the handler returned false (indicating failure)

IPDL protocol error: Handler returned error code!

###!!! [Parent][DispatchAsyncMessage] Error: PLayerTransaction::Msg_ReleaseLayer Processing error: message was deserialized, but the handler returned false (indicating failure)

IPDL protocol error: Handler returned error code!

###!!! [Parent][DispatchAsyncMessage] Error: PLayerTransaction::Msg_ReleaseLayer Processing error: message was deserialized, but the handler returned false (indicating failure)

IPDL protocol error: Handler returned error code!

###!!! [Parent][DispatchAsyncMessage] Error: PLayerTransaction::Msg_ReleaseLayer Processing error: message was deserialized, but the handler returned false (indicating failure)

1619362811684	Marionette	INFO	Stopped listening on port 50129
 session
1619359939014	Marionette	INFO	Stopped listening on port 50874

###!!! [Child][RunMessage] Error: Channel closing: too late to send/recv, messages will be lost

1619360028872	geckodriver	INFO	Listening on 127.0.0.1:50949
1619360031853	mozrunner::runner	INFO	Running command: "C:\\Program Files\\Mozilla Firefox\\firefox.exe" "--marionette" "-foreground" "-no-remote" "-profile" "C:\\Users\\CHRIS4~1\\AppData\\Local\\Temp\\4\\rust_mozprofilecu3xMM"
1619360032394	Marionette	INFO	Marionette enabled
console.warn: SearchSettings: "get: No settings file exists, new profile?" (new Error("", "(unknown module)"))
1619360033694	Marionette	INFO	Listening on port 50957
1619360034023	Marionette	WARN	TLS certificate errors will be ignored for this session
1619360034275	Marionette	INFO	Stopped listening on port 50957
console.warn: services.settings: main/partitioning-exempt-urls sync interrupted by shutdown

###!!! [Child][RunMessage] Error: Channel closing: too late to send/recv, messages will be lost

1619360441023	geckodriver	INFO	Listening on 127.0.0.1:51087
1619360444035	mozrunner::runner	INFO	Running command: "C:\\Program Files\\Mozilla Firefox\\firefox.exe" "--marionette" "-foreground" "-no-remote" "-profile" "C:\\Users\\CHRIS4~1\\AppData\\Local\\Temp\\4\\rust_mozprofilerd6MX3"
1619360444549	Marionette	INFO	Marionette enabled
console.warn: SearchSettings: "get: No settings file exists, new profile?" (new Error("", "(unknown module)"))
1619360445808	Marionette	INFO	Listening on port 51095
1619360446245	Marionette	WARN	TLS certificate errors will be ignored for this session
1619360449089	Marionette	WARN	Ignoring event 'DOMContentLoaded' because document has an invalid readyState of 'complete'.
1619362811562	Marionette	INFO	Stopped listening on port 51095
9360551623	mozrunner::runner	INFO	Running command: "C:\\Program Files\\Mozilla Firefox\\firefox.exe" "--marionette" "-foreground" "-no-remote" "-profile" "C:\\Users\\CHRIS4~1\\AppData\\Local\\Temp\\4\\rust_mozprofilelrxy5q"
1619360552118	Marionette	INFO	Marionette enabled
console.warn: SearchSettings: "get: No settings file exists, new profile?" (new Error("", "(unknown module)"))
1619360553424	Marionette	INFO	Listening on port 51187
1619360553810	Marionette	WARN	TLS certificate errors will be ignored for this session
1619360556943	Marionette	WARN	Ignoring event 'DOMContentLoaded' because document has an invalid readyState of 'complete'.
1619360563565	Marionette	WARN	Ignoring event 'DOMContentLoaded' because document has an invalid readyState of 'complete'.
JavaScript error: resource://gre/modules/Prompter.jsm, line 1181: NS_ERROR_NOT_AVAILABLE: prompt aborted by user
[Child 7324, IPC I/O Child] WARNING: pipe error: 232: file /builds/worker/checkouts/gecko/ipc/chromium/src/chrome/common/ipc_channel_win.cc:544
[Child 7324, IPC I/O Child] WARNING: pipe error: 232: file /builds/worker/checkouts/gecko/ipc/chromium/src/chrome/common/ipc_channel_win.cc:544

###!!! [Child][RunMessage] Error: Channel closing: too late to send/recv, messages will be lost


###!!! [Child][RunMessage] Error: Channel closing: too late to send/recv, messages will be lost


###!!! [Child][RunMessage] Error: Channel closing: too late to send/recv, messages will be lost

1619362811572	Marionette	INFO	Stopped listening on port 51187
Loaded' because document has an invalid readyState of 'complete'.
IPDL protocol error: Handler returned error code!

###!!! [Parent][DispatchAsyncMessage] Error: PLayerTransaction::Msg_ReleaseLayer Processing error: message was deserialized, but the handler returned false (indicating failure)

IPDL protocol error: Handler returned error code!

###!!! [Parent][DispatchAsyncMessage] Error: PLayerTransaction::Msg_ReleaseLayer Processing error: message was deserialized, but the handler returned false (indicating failure)

IPDL protocol error: Handler returned error code!

###!!! [Parent][DispatchAsyncMessage] Error: PLayerTransaction::Msg_ReleaseLayer Processing error: message was deserialized, but the handler returned false (indicating failure)

IPDL protocol error: Handler returned error code!

###!!! [Parent][DispatchAsyncMessage] Error: PLayerTransaction::Msg_ReleaseLayer Processing error: message was deserialized, but the handler returned false (indicating failure)

IPDL protocol error: Handler returned error code!

###!!! [Parent][DispatchAsyncMessage] Error: PLayerTransaction::Msg_ReleaseLayer Processing error: message was deserialized, but the handler returned false (indicating failure)

IPDL protocol error: Handler returned error code!

###!!! [Parent][DispatchAsyncMessage] Error: PLayerTransaction::Msg_ReleaseLayer Processing error: message was deserialized, but the handler returned false (indicating failure)

IPDL protocol error: Handler returned error code!

###!!! [Parent][DispatchAsyncMessage] Error: PLayerTransaction::Msg_ReleaseLayer Processing error: message was deserialized, but the handler returned false (indicating failure)

IPDL protocol error: Handler returned error code!

###!!! [Parent][DispatchAsyncMessage] Error: PLayerTransaction::Msg_ReleaseLayer Processing error: message was deserialized, but the handler returned false (indicating failure)

1619362811618	Marionette	INFO	Stopped listening on port 52001

###!!! [Child][RunMessage] Error: Channel closing: too late to send/recv, messages will be lost

1619362814904	geckodriver	INFO	Listening on 127.0.0.1:52201
1619362817908	mozrunner::runner	INFO	Running command: "C:\\Program Files\\Mozilla Firefox\\firefox.exe" "--marionette" "-foreground" "-no-remote" "-profile" "C:\\Users\\CHRIS4~1\\AppData\\Local\\Temp\\4\\rust_mozprofilextDw7z"
1619362818419	Marionette	INFO	Marionette enabled
console.warn: SearchSettings: "get: No settings file exists, new profile?" (new Error("", "(unknown module)"))
1619362819710	Marionette	INFO	Listening on port 52209
1619362820094	Marionette	WARN	TLS certificate errors will be ignored for this session
1619362823383	Marionette	WARN	Ignoring event 'DOMContentLoaded' because document has an invalid readyState of 'complete'.
1619362837921	Marionette	WARN	Ignoring event 'DOMContentLoaded' because document has an invalid readyState of 'complete'.
1619362849336	Marionette	INFO	Stopped listening on port 52209

###!!! [Child][RunMessage] Error: Channel closing: too late to send/recv, messages will be lost

1619362879404	geckodriver	INFO	Listening on 127.0.0.1:52299
1619362882424	mozrunner::runner	INFO	Running command: "C:\\Program Files\\Mozilla Firefox\\firefox.exe" "--marionette" "-foreground" "-no-remote" "-profile" "C:\\Users\\CHRIS4~1\\AppData\\Local\\Temp\\4\\rust_mozprofileygIkCT"
1619362882983	Marionette	INFO	Marionette enabled
console.warn: SearchSettings: "get: No settings file exists, new profile?" (new Error("", "(unknown module)"))
1619362884203	Marionette	INFO	Listening on port 52307
1619362884609	Marionette	WARN	TLS certificate errors will be ignored for this session
1619362887873	Marionette	WARN	Ignoring event 'DOMContentLoaded' because document has an invalid readyState of 'complete'.
1619362922286	Marionette	WARN	Ignoring event 'DOMContentLoaded' because document has an invalid readyState of 'complete'.
JavaScript error: resource://gre/modules/Prompter.jsm, line 1181: NS_ERROR_NOT_AVAILABLE: prompt aborted by user
[Child 10372, IPC I/O Child] WARNING: pipe error: 232: file /builds/worker/checkouts/gecko/ipc/chromium/src/chrome/common/ipc_channel_win.cc:544

###!!! [Child][RunMessage] Error: Channel error: cannot send/recv

1619416861220	Marionette	INFO	Stopped listening on port 52307
ts, new profile?" (new Error("", "(unknown module)"))
1619363334421	Marionette	INFO	Listening on port 52631
1619363334689	Marionette	WARN	TLS certificate errors will be ignored for this session
1619363336720	Marionette	WARN	Ignoring event 'DOMContentLoaded' because document has an invalid readyState of 'complete'.
1619363344961	Marionette	WARN	Ignoring event 'DOMContentLoaded' because document has an invalid readyState of 'complete'.
1619363355861	Marionette	INFO	Stopped listening on port 52631

###!!! [Child][RunMessage] Error: Channel closing: too late to send/recv, messages will be lost

1619363455171	geckodriver	INFO	Listening on 127.0.0.1:52826
1619363458147	mozrunner::runner	INFO	Running command: "C:\\Program Files\\Mozilla Firefox\\firefox.exe" "--marionette" "-foreground" "-no-remote" "-profile" "C:\\Users\\CHRIS4~1\\AppData\\Local\\Temp\\4\\rust_mozprofilelXTvfd"
1619363458627	Marionette	INFO	Marionette enabled
console.warn: SearchSettings: "get: No settings file exists, new profile?" (new Error("", "(unknown module)"))
1619363459887	Marionette	INFO	Listening on port 52838
1619363460338	Marionette	WARN	TLS certificate errors will be ignored for this session
1619363462075	Marionette	WARN	Ignoring event 'DOMContentLoaded' because document has an invalid readyState of 'complete'.
1619363469133	Marionette	WARN	Ignoring event 'DOMContentLoaded' because document has an invalid readyState of 'complete'.
1619363479933	Marionette	INFO	Stopped listening on port 52838

###!!! [Child][RunMessage] Error: Channel closing: too late to send/recv, messages will be lost

1619363499403	geckodriver	INFO	Listening on 127.0.0.1:52937
1619363502381	mozrunner::runner	INFO	Running command: "C:\\Program Files\\Mozilla Firefox\\firefox.exe" "--marionette" "-foreground" "-no-remote" "-profile" "C:\\Users\\CHRIS4~1\\AppData\\Local\\Temp\\4\\rust_mozprofileU3z4kt"
1619363502883	Marionette	INFO	Marionette enabled
console.warn: SearchSettings: "get: No settings file exists, new profile?" (new Error("", "(unknown module)"))
1619363504141	Marionette	INFO	Listening on port 52946
1619363504562	Marionette	WARN	TLS certificate errors will be ignored for this session
1619363507749	Marionette	WARN	Ignoring event 'DOMContentLoaded' because document has an invalid readyState of 'complete'.
1619363514359	Marionette	WARN	Ignoring event 'DOMContentLoaded' because document has an invalid readyState of 'complete'.
JavaScript error: resource://gre/modules/Prompter.jsm, line 1181: NS_ERROR_NOT_AVAILABLE: prompt aborted by user

###!!! [Child][RunMessage] Error: Channel closing: too late to send/recv, messages will be lost

1619416865052	Marionette	INFO	Stopped listening on port 52946
[Parent 10456, IPC I/O Parent] WARNING: pipe error: 232: file /builds/worker/checkouts/gecko/ipc/chromium/src/chrome/common/ipc_channel_win.cc:544
 "(unknown module)"))
1619363821306	Marionette	INFO	Listening on port 53265
1619363821735	Marionette	WARN	TLS certificate errors will be ignored for this session
1619363824253	Marionette	INFO	Stopped listening on port 53265
1619363874686	geckodriver	INFO	Listening on 127.0.0.1:53410
1619363877707	mozrunner::runner	INFO	Running command: "C:\\Program Files\\Mozilla Firefox\\firefox.exe" "--marionette" "-foreground" "-no-remote" "-profile" "C:\\Users\\CHRIS4~1\\AppData\\Local\\Temp\\4\\rust_mozprofileAiheqg"
1619363878211	Marionette	INFO	Marionette enabled
console.warn: SearchSettings: "get: No settings file exists, new profile?" (new Error("", "(unknown module)"))
1619363879511	Marionette	INFO	Listening on port 53422
1619363879879	Marionette	WARN	TLS certificate errors will be ignored for this session
1619363883187	Marionette	WARN	Ignoring event 'DOMContentLoaded' because document has an invalid readyState of 'complete'.
1619363889266	Marionette	WARN	Ignoring event 'DOMContentLoaded' because document has an invalid readyState of 'complete'.
JavaScript error: resource://gre/modules/Prompter.jsm, line 1181: NS_ERROR_NOT_AVAILABLE: prompt aborted by user
[Parent 5920, IPC I/O Parent] WARNING: file /builds/worker/checkouts/gecko/ipc/chromium/src/base/process_util_win.cc:167
1619416865064	Marionette	INFO	Stopped listening on port 53422
[Parent 5920, IPC I/O Parent] WARNING: pipe error: 232: file /builds/worker/checkouts/gecko/ipc/chromium/src/chrome/common/ipc_channel_win.cc:544
)
1619363965525	Marionette	INFO	Listening on port 53564
1619363965953	Marionette	WARN	TLS certificate errors will be ignored for this session
1619363969083	Marionette	WARN	Ignoring event 'DOMContentLoaded' because document has an invalid readyState of 'complete'.
1619363975471	Marionette	WARN	Ignoring event 'DOMContentLoaded' because document has an invalid readyState of 'complete'.
JavaScript error: resource://gre/modules/Prompter.jsm, line 1181: NS_ERROR_NOT_AVAILABLE: prompt aborted by user

###!!! [Child][RunMessage] Error: Channel closing: too late to send/recv, messages will be lost


###!!! [Child][RunMessage] Error: Channel closing: too late to send/recv, messages will be lost


###!!! [Child][RunMessage] Error: Channel closing: too late to send/recv, messages will be lost


###!!! [Child][RunMessage] Error: Channel closing: too late to send/recv, messages will be lost

1619416865032	Marionette	INFO	Stopped listening on port 53564
[Parent 12132, IPC I/O Parent] WARNING: pipe error: 232: file /builds/worker/checkouts/gecko/ipc/chromium/src/chrome/common/ipc_channel_win.cc:544
arionette	WARN	Ignoring event 'DOMContentLoaded' because document has an invalid readyState of 'complete'.
JavaScript error: resource://gre/modules/Prompter.jsm, line 1181: NS_ERROR_NOT_AVAILABLE: prompt aborted by user
[Parent 18416, IPC I/O Parent] WARNING: file /builds/worker/checkouts/gecko/ipc/chromium/src/base/process_util_win.cc:167
1619416865170	Marionette	INFO	Stopped listening on port 53867
	Marionette	INFO	Marionette enabled
console.warn: SearchSettings: "get: No settings file exists, new profile?" (new Error("", "(unknown module)"))
1619364249237	Marionette	INFO	Listening on port 54071
1619364249683	Marionette	WARN	TLS certificate errors will be ignored for this session
1619364253432	Marionette	WARN	Ignoring event 'DOMContentLoaded' because document has an invalid readyState of 'complete'.
1619364260454	Marionette	WARN	Ignoring event 'DOMContentLoaded' because document has an invalid readyState of 'complete'.
JavaScript error: resource://gre/modules/Prompter.jsm, line 1181: NS_ERROR_NOT_AVAILABLE: prompt aborted by user

###!!! [Child][RunMessage] Error: Channel closing: too late to send/recv, messages will be lost


###!!! [Child][RunMessage] Error: Channel closing: too late to send/recv, messages will be lost


###!!! [Child][RunMessage] Error: Channel closing: too late to send/recv, messages will be lost


###!!! [Child][RunMessage] Error: Channel closing: too late to send/recv, messages will be lost

1619416865135	Marionette	INFO	Stopped listening on port 54071
 session
1619364363748	Marionette	WARN	Ignoring event 'DOMContentLoaded' because document has an invalid readyState of 'complete'.
1619364370573	Marionette	WARN	Ignoring event 'DOMContentLoaded' because document has an invalid readyState of 'complete'.
JavaScript error: resource://gre/modules/Prompter.jsm, line 1181: NS_ERROR_NOT_AVAILABLE: prompt aborted by user

###!!! [Child][RunMessage] Error: Channel closing: too late to send/recv, messages will be lost


###!!! [Child][RunMessage] Error: Channel closing: too late to send/recv, messages will be lost


###!!! [Child][RunMessage] Error: Channel closing: too late to send/recv, messages will be lost


###!!! [Child][RunMessage] Error: Channel closing: too late to send/recv, messages will be lost


###!!! [Child][RunMessage] Error: Channel closing: too late to send/recv, messages will be lost

1619416865050	Marionette	INFO	Stopped listening on port 54343
alid readyState of 'complete'.
1619364458705	Marionette	WARN	Ignoring event 'DOMContentLoaded' because document has an invalid readyState of 'complete'.
JavaScript error: resource://gre/modules/Prompter.jsm, line 1181: NS_ERROR_NOT_AVAILABLE: prompt aborted by user
[Parent 13200, IPC I/O Parent] WARNING: file /builds/worker/checkouts/gecko/ipc/chromium/src/base/process_util_win.cc:167
1619416865140	Marionette	INFO	Stopped listening on port 54613
	Marionette	INFO	Marionette enabled
console.warn: SearchSettings: "get: No settings file exists, new profile?" (new Error("", "(unknown module)"))
1619364878256	Marionette	INFO	Listening on port 55876
1619364878586	Marionette	WARN	TLS certificate errors will be ignored for this session
1619364882236	Marionette	WARN	Ignoring event 'DOMContentLoaded' because document has an invalid readyState of 'complete'.
1619364890227	Marionette	WARN	Ignoring event 'DOMContentLoaded' because document has an invalid readyState of 'complete'.
JavaScript warning: resource://devtools/client/shared/demangle.js, line 0: Successfully compiled asm.js code (total compilation time 72ms)
JavaScript error: resource://gre/modules/Prompter.jsm, line 1181: NS_ERROR_NOT_AVAILABLE: prompt aborted by user
1619416865112	Marionette	INFO	Stopped listening on port 55876

###!!! [Child][RunMessage] Error: Channel closing: too late to send/recv, messages will be lost

e9wz7Eh"
1619366208078	Marionette	INFO	Marionette enabled
console.warn: SearchSettings: "get: No settings file exists, new profile?" (new Error("", "(unknown module)"))
1619366209719	Marionette	INFO	Listening on port 57429
1619366209968	Marionette	WARN	TLS certificate errors will be ignored for this session
1619366213470	Marionette	WARN	Ignoring event 'DOMContentLoaded' because document has an invalid readyState of 'complete'.
1619366221380	Marionette	WARN	Ignoring event 'DOMContentLoaded' because document has an invalid readyState of 'complete'.
JavaScript error: resource://gre/modules/Prompter.jsm, line 1181: NS_ERROR_NOT_AVAILABLE: prompt aborted by user
1619416865065	Marionette	INFO	Stopped listening on port 57429

###!!! [Child][RunMessage] Error: Channel closing: too late to send/recv, messages will be lost

[Parent 10352, IPC I/O Parent] WARNING: pipe error: 232: file /builds/worker/checkouts/gecko/ipc/chromium/src/chrome/common/ipc_channel_win.cc:544
 "(unknown module)"))
1619366386620	Marionette	INFO	Listening on port 57535
1619366386891	Marionette	WARN	TLS certificate errors will be ignored for this session
1619366388858	Marionette	WARN	Ignoring event 'DOMContentLoaded' because document has an invalid readyState of 'complete'.
1619366397310	Marionette	WARN	Ignoring event 'DOMContentLoaded' because document has an invalid readyState of 'complete'.
JavaScript error: resource://gre/modules/Prompter.jsm, line 1181: NS_ERROR_NOT_AVAILABLE: prompt aborted by user
1619416865045	Marionette	INFO	Stopped listening on port 57535
" "-foreground" "-no-remote" "-profile" "C:\\Users\\CHRIS4~1\\AppData\\Local\\Temp\\4\\rust_mozprofileFIItHp"
1619366463744	Marionette	INFO	Marionette enabled
console.warn: SearchSettings: "get: No settings file exists, new profile?" (new Error("", "(unknown module)"))
1619366465165	Marionette	INFO	Listening on port 57628
1619366465357	Marionette	WARN	TLS certificate errors will be ignored for this session
1619366468491	Marionette	WARN	Ignoring event 'DOMContentLoaded' because document has an invalid readyState of 'complete'.
1619366476461	Marionette	WARN	Ignoring event 'DOMContentLoaded' because document has an invalid readyState of 'complete'.
JavaScript error: resource://gre/modules/Prompter.jsm, line 1181: NS_ERROR_NOT_AVAILABLE: prompt aborted by user
1619416865080	Marionette	INFO	Stopped listening on port 57628
" "-foreground" "-no-remote" "-profile" "C:\\Users\\CHRIS4~1\\AppData\\Local\\Temp\\4\\rust_mozprofileaifOa1"
1619366576125	Marionette	INFO	Marionette enabled
console.warn: SearchSettings: "get: No settings file exists, new profile?" (new Error("", "(unknown module)"))
1619366577300	Marionette	INFO	Listening on port 57748
1619366577799	Marionette	WARN	TLS certificate errors will be ignored for this session
1619366581331	Marionette	WARN	Ignoring event 'DOMContentLoaded' because document has an invalid readyState of 'complete'.
1619366587741	Marionette	WARN	Ignoring event 'DOMContentLoaded' because document has an invalid readyState of 'complete'.
JavaScript error: resource://gre/modules/Prompter.jsm, line 1181: NS_ERROR_NOT_AVAILABLE: prompt aborted by user

###!!! [Child][RunMessage] Error: Channel closing: too late to send/recv, messages will be lost

1619416865028	Marionette	INFO	Stopped listening on port 57748
1619417001082	geckodriver	INFO	Listening on 127.0.0.1:59845
1619417004076	mozrunner::runner	INFO	Running command: "C:\\Program Files\\Mozilla Firefox\\firefox.exe" "--marionette" "-foreground" "-no-remote" "-profile" "C:\\Users\\CHRIS4~1\\AppData\\Local\\Temp\\4\\rust_mozprofilerEQj1H"
1619417004605	Marionette	INFO	Marionette enabled
console.warn: SearchSettings: "get: No settings file exists, new profile?" (new Error("", "(unknown module)"))
1619417005919	Marionette	INFO	Listening on port 59853
1619417006228	Marionette	WARN	TLS certificate errors will be ignored for this session
1619417008802	Marionette	WARN	Ignoring event 'DOMContentLoaded' because document has an invalid readyState of 'complete'.
1619417021012	Marionette	WARN	Ignoring event 'DOMContentLoaded' because document has an invalid readyState of 'complete'.
1619431044155	Marionette	INFO	Stopped listening on port 59853
9417545774	mozrunner::runner	INFO	Running command: "C:\\Program Files\\Mozilla Firefox\\firefox.exe" "--marionette" "-foreground" "-no-remote" "-profile" "C:\\Users\\CHRIS4~1\\AppData\\Local\\Temp\\4\\rust_mozprofilefd53CN"
1619417546364	Marionette	INFO	Marionette enabled
console.warn: SearchSettings: "get: No settings file exists, new profile?" (new Error("", "(unknown module)"))
1619417547674	Marionette	INFO	Listening on port 60095
1619417548124	Marionette	WARN	TLS certificate errors will be ignored for this session
1619417552220	Marionette	INFO	Stopped listening on port 60095

###!!! [Child][RunMessage] Error: Channel closing: too late to send/recv, messages will be lost

